27/4/2026, 2:31:34 μ.μ. - Time is not right now , will check back later
27/4/2026, 2:31:34 μ.μ. - Agent wake up call sent
27/4/2026, 3:01:34 μ.μ. - Time is not right now , will check back later
27/4/2026, 3:01:34 μ.μ. - Agent wake up call sent
27/4/2026, 3:31:34 μ.μ. - Time is not right now , will check back later
27/4/2026, 3:31:34 μ.μ. - Agent wake up call sent
27/4/2026, 4:01:34 μ.μ. - Time is not right now , will check back later
27/4/2026, 4:01:34 μ.μ. - Agent wake up call sent
27/4/2026, 4:31:34 μ.μ. - Time is not right now , will check back later
27/4/2026, 4:31:34 μ.μ. - Agent wake up call sent
27/4/2026, 5:01:34 μ.μ. - Time is not right now , will check back later
27/4/2026, 5:01:34 μ.μ. - Agent wake up call sent
27/4/2026, 5:31:34 μ.μ. - Time is not right now , will check back later
27/4/2026, 5:31:34 μ.μ. - Agent wake up call sent
27/4/2026, 6:01:34 μ.μ. - Time is not right now , will check back later
27/4/2026, 6:01:34 μ.μ. - Agent wake up call sent
27/4/2026, 6:31:34 μ.μ. - Time is not right now , will check back later
27/4/2026, 6:31:34 μ.μ. - Agent wake up call sent
27/4/2026, 7:01:34 μ.μ. - Time is not right now , will check back later
27/4/2026, 7:01:34 μ.μ. - Agent wake up call sent
27/4/2026, 7:31:34 μ.μ. - Time is not right now , will check back later
27/4/2026, 7:31:34 μ.μ. - Agent wake up call sent
27/4/2026, 8:01:34 μ.μ. - Time is not right now , will check back later
27/4/2026, 8:01:34 μ.μ. - Agent wake up call sent
27/4/2026, 8:31:34 μ.μ. - Time is not right now , will check back later
27/4/2026, 8:31:34 μ.μ. - Agent wake up call sent
27/4/2026, 9:01:34 μ.μ. - Time is not right now , will check back later
27/4/2026, 9:01:34 μ.μ. - Agent wake up call sent
27/4/2026, 9:31:34 μ.μ. - Time is not right now , will check back later
27/4/2026, 9:31:34 μ.μ. - Agent wake up call sent
27/4/2026, 10:01:34 μ.μ. - Time is not right now , will check back later
27/4/2026, 10:01:34 μ.μ. - Agent wake up call sent
27/4/2026, 10:31:34 μ.μ. - Time is not right now , will check back later
27/4/2026, 10:31:34 μ.μ. - Agent wake up call sent
[{"time":"27/4/2026, 11:01:34 μ.μ.","revenue":40,"wind":17},{"27/4/2026, 11:01:34 μ.μ.":"Η αποστολή ολοκληρώθηκε"}]
27/4/2026, 11:01:34 μ.μ. - Agent wake up call sent
[{"time":"27/4/2026, 11:31:34 μ.μ.","revenue":40,"wind":17},{"27/4/2026, 11:31:34 μ.μ.":"Η αποστολή ολοκληρώθηκε"}]
27/4/2026, 11:31:34 μ.μ. - Agent wake up call sent
28/4/2026, 12:01:34 π.μ. - Time is not right now , will check back later
28/4/2026, 12:01:34 π.μ. - Agent wake up call sent
28/4/2026, 12:31:34 π.μ. - Time is not right now , will check back later
28/4/2026, 12:31:34 π.μ. - Agent wake up call sent
28/4/2026, 1:01:34 π.μ. - Time is not right now , will check back later
28/4/2026, 1:01:34 π.μ. - Agent wake up call sent
28/4/2026, 1:31:34 π.μ. - Time is not right now , will check back later
28/4/2026, 1:31:34 π.μ. - Agent wake up call sent
28/4/2026, 2:01:34 π.μ. - Time is not right now , will check back later
28/4/2026, 2:01:34 π.μ. - Agent wake up call sent
28/4/2026, 2:31:34 π.μ. - Time is not right now , will check back later
28/4/2026, 2:31:34 π.μ. - Agent wake up call sent
28/4/2026, 3:01:34 π.μ. - Time is not right now , will check back later
28/4/2026, 3:01:34 π.μ. - Agent wake up call sent
28/4/2026, 3:31:32 π.μ. - Time is not right now , will check back later
28/4/2026, 3:31:32 π.μ. - Agent wake up call sent
28/4/2026, 4:01:32 π.μ. - Time is not right now , will check back later
28/4/2026, 4:01:32 π.μ. - Agent wake up call sent
28/4/2026, 4:31:32 π.μ. - Time is not right now , will check back later
28/4/2026, 4:31:32 π.μ. - Agent wake up call sent
28/4/2026, 5:01:32 π.μ. - Time is not right now , will check back later
28/4/2026, 5:01:32 π.μ. - Agent wake up call sent
28/4/2026, 5:31:32 π.μ. - Time is not right now , will check back later
28/4/2026, 5:31:32 π.μ. - Agent wake up call sent
28/4/2026, 6:01:32 π.μ. - Time is not right now , will check back later
28/4/2026, 6:01:32 π.μ. - Agent wake up call sent
28/4/2026, 6:31:32 π.μ. - Time is not right now , will check back later
28/4/2026, 6:31:32 π.μ. - Agent wake up call sent
28/4/2026, 7:01:32 π.μ. - Time is not right now , will check back later
28/4/2026, 7:01:32 π.μ. - Agent wake up call sent
28/4/2026, 7:31:32 π.μ. - Time is not right now , will check back later
28/4/2026, 7:31:32 π.μ. - Agent wake up call sent
28/4/2026, 8:01:32 π.μ. - Time is not right now , will check back later
28/4/2026, 8:01:32 π.μ. - Agent wake up call sent
28/4/2026, 8:31:32 π.μ. - Time is not right now , will check back later
28/4/2026, 8:31:32 π.μ. - Agent wake up call sent
28/4/2026, 9:01:32 π.μ. - Time is not right now , will check back later
28/4/2026, 9:01:32 π.μ. - Agent wake up call sent
28/4/2026, 9:31:32 π.μ. - Time is not right now , will check back later
28/4/2026, 9:31:32 π.μ. - Agent wake up call sent
28/4/2026, 10:01:32 π.μ. - Time is not right now , will check back later
28/4/2026, 10:01:32 π.μ. - Agent wake up call sent
28/4/2026, 10:31:32 π.μ. - Time is not right now , will check back later
28/4/2026, 10:31:32 π.μ. - Agent wake up call sent
28/4/2026, 11:01:32 π.μ. - Time is not right now , will check back later
28/4/2026, 11:01:32 π.μ. - Agent wake up call sent
28/4/2026, 11:31:32 π.μ. - Time is not right now , will check back later
28/4/2026, 11:31:32 π.μ. - Agent wake up call sent
28/4/2026, 12:01:32 μ.μ. - Time is not right now , will check back later
28/4/2026, 12:01:32 μ.μ. - Agent wake up call sent
28/4/2026, 12:31:32 μ.μ. - Time is not right now , will check back later
28/4/2026, 12:31:32 μ.μ. - Agent wake up call sent
